2023-01-07 19:12:16,231 [Worker-3: Loading available Gradle versions] INFO  o.e.b.c.i.u.g.PublishedGradleVersions - Gradle version information cache is up-to-date. Trying to read.
2023-01-07 19:20:10,314 [Worker-26: Building] INFO  o.e.m.c.i.l.LifecycleMappingFactory - Using org.maven.ide.eclipse.wtp.WarLifecycleMapping lifecycle mapping for MavenProject: org.springframework.samples.service.service:spring:0.0.1-SNAPSHOT @ C:\SPRING_SIMPLE\BOARDMS\pom.xml.
2023-01-07 19:20:10,314 [Worker-19: Updating Maven Dependencies] INFO  o.e.m.c.i.l.LifecycleMappingFactory - Using org.maven.ide.eclipse.wtp.WarLifecycleMapping lifecycle mapping for MavenProject: org.springframework.samples.service.service:spring:0.0.1-SNAPSHOT @ C:\SPRING_SIMPLE\HLMS\pom.xml.
2023-01-07 19:20:13,662 [Worker-26: Building] INFO  o.e.m.c.i.embedder.EclipseLogger - Using 'UTF-8' encoding to copy filtered resources.
2023-01-07 19:20:13,662 [Worker-26: Building] INFO  o.e.m.c.i.embedder.EclipseLogger - skip non existing resourceDirectory C:\SPRING_SIMPLE\BOARDMS\src\main\resources
2023-01-07 19:20:13,664 [Worker-26: Building] INFO  o.e.m.c.i.embedder.EclipseLogger - Using 'UTF-8' encoding to copy filtered resources.
2023-01-07 19:20:13,665 [Worker-26: Building] INFO  o.e.m.c.i.embedder.EclipseLogger - skip non existing resourceDirectory C:\SPRING_SIMPLE\BOARDMS\src\test\resources
2023-01-07 19:20:14,218 [Worker-28: Updating Maven Dependencies] INFO  o.e.m.c.i.l.LifecycleMappingFactory - Using org.maven.ide.eclipse.wtp.WarLifecycleMapping lifecycle mapping for MavenProject: org.springframework.samples.service.service:spring:0.0.1-SNAPSHOT @ C:\SPRING_SIMPLE\HLMS\pom.xml.
2023-01-07 19:20:14,739 [Worker-28: Updating Maven Dependencies] INFO  o.e.m.c.i.l.LifecycleMappingFactory - Using org.maven.ide.eclipse.wtp.WarLifecycleMapping lifecycle mapping for MavenProject: org.springframework.samples.service.service:spring:0.0.1-SNAPSHOT @ C:\SPRING_SIMPLE\ESHOP\pom.xml.
2023-01-07 19:20:14,747 [Worker-25: Building] INFO  o.e.m.c.i.embedder.EclipseLogger - Using 'UTF-8' encoding to copy filtered resources.
2023-01-07 19:20:14,747 [Worker-25: Building] INFO  o.e.m.c.i.embedder.EclipseLogger - skip non existing resourceDirectory C:\SPRING_SIMPLE\BOARDMS\src\main\resources
2023-01-07 19:20:14,749 [Worker-25: Building] INFO  o.e.m.c.i.embedder.EclipseLogger - Using 'UTF-8' encoding to copy filtered resources.
2023-01-07 19:20:14,749 [Worker-25: Building] INFO  o.e.m.c.i.embedder.EclipseLogger - skip non existing resourceDirectory C:\SPRING_SIMPLE\BOARDMS\src\test\resources
2023-01-07 19:20:14,904 [Worker-28: Updating Maven Dependencies] INFO  o.e.m.c.i.l.LifecycleMappingFactory - Using org.maven.ide.eclipse.wtp.WarLifecycleMapping lifecycle mapping for MavenProject: org.springframework.samples.service.service:spring:0.0.1-SNAPSHOT @ C:\SPRING_SIMPLE\BOARDMS\pom.xml.
2023-01-07 19:20:15,083 [Worker-28: Updating Maven Dependencies] INFO  o.e.m.c.i.l.LifecycleMappingFactory - Using org.maven.ide.eclipse.wtp.WarLifecycleMapping lifecycle mapping for MavenProject: org.springframework.samples.service.service:spring:0.0.1-SNAPSHOT @ C:\SPRING_SIMPLE\BOARDMS_renewal_pgn\pom.xml.
2023-01-07 19:20:15,238 [Worker-25: Building] INFO  o.e.m.c.i.l.LifecycleMappingFactory - Using org.maven.ide.eclipse.wtp.WarLifecycleMapping lifecycle mapping for MavenProject: org.springframework.samples.service.service:spring:0.0.1-SNAPSHOT @ C:\SPRING_SIMPLE\BOARDMS_renewal_pgn\pom.xml.
2023-01-07 19:20:16,156 [Worker-25: Building] INFO  o.e.m.c.i.embedder.EclipseLogger - Using 'UTF-8' encoding to copy filtered resources.
2023-01-07 19:20:16,156 [Worker-25: Building] INFO  o.e.m.c.i.embedder.EclipseLogger - skip non existing resourceDirectory C:\SPRING_SIMPLE\BOARDMS_renewal_pgn\src\main\resources
2023-01-07 19:20:16,157 [Worker-25: Building] INFO  o.e.m.c.i.embedder.EclipseLogger - Using 'UTF-8' encoding to copy filtered resources.
2023-01-07 19:20:16,158 [Worker-25: Building] INFO  o.e.m.c.i.embedder.EclipseLogger - skip non existing resourceDirectory C:\SPRING_SIMPLE\BOARDMS_renewal_pgn\src\test\resources
2023-01-07 19:20:16,661 [Worker-20: Building] INFO  o.e.m.c.i.embedder.EclipseLogger - Using 'UTF-8' encoding to copy filtered resources.
2023-01-07 19:20:16,661 [Worker-20: Building] INFO  o.e.m.c.i.embedder.EclipseLogger - skip non existing resourceDirectory C:\SPRING_SIMPLE\BOARDMS_renewal_pgn\src\main\resources
2023-01-07 19:20:16,663 [Worker-20: Building] INFO  o.e.m.c.i.embedder.EclipseLogger - Using 'UTF-8' encoding to copy filtered resources.
2023-01-07 19:20:16,663 [Worker-20: Building] INFO  o.e.m.c.i.embedder.EclipseLogger - skip non existing resourceDirectory C:\SPRING_SIMPLE\BOARDMS_renewal_pgn\src\test\resources
2023-01-07 19:20:17,130 [Worker-20: Building] INFO  o.e.m.c.i.l.LifecycleMappingFactory - Using org.maven.ide.eclipse.wtp.WarLifecycleMapping lifecycle mapping for MavenProject: org.springframework.samples.service.service:spring:0.0.1-SNAPSHOT @ C:\SPRING_SIMPLE\ESHOP\pom.xml.
2023-01-07 19:20:17,532 [Worker-20: Building] INFO  o.e.m.c.i.embedder.EclipseLogger - Using 'UTF-8' encoding to copy filtered resources.
2023-01-07 19:20:17,532 [Worker-20: Building] INFO  o.e.m.c.i.embedder.EclipseLogger - skip non existing resourceDirectory C:\SPRING_SIMPLE\ESHOP\src\main\resources
2023-01-07 19:20:17,533 [Worker-20: Building] INFO  o.e.m.c.i.embedder.EclipseLogger - Using 'UTF-8' encoding to copy filtered resources.
2023-01-07 19:20:17,534 [Worker-20: Building] INFO  o.e.m.c.i.embedder.EclipseLogger - skip non existing resourceDirectory C:\SPRING_SIMPLE\ESHOP\src\test\resources
2023-01-07 19:20:17,975 [Worker-27: Building] INFO  o.e.m.c.i.embedder.EclipseLogger - Using 'UTF-8' encoding to copy filtered resources.
2023-01-07 19:20:17,976 [Worker-27: Building] INFO  o.e.m.c.i.embedder.EclipseLogger - skip non existing resourceDirectory C:\SPRING_SIMPLE\BOARDMS_renewal_pgn\src\main\resources
2023-01-07 19:20:17,978 [Worker-27: Building] INFO  o.e.m.c.i.embedder.EclipseLogger - Using 'UTF-8' encoding to copy filtered resources.
2023-01-07 19:20:17,978 [Worker-27: Building] INFO  o.e.m.c.i.embedder.EclipseLogger - skip non existing resourceDirectory C:\SPRING_SIMPLE\BOARDMS_renewal_pgn\src\test\resources
2023-01-07 19:20:18,347 [Worker-28: Updating Maven Dependencies] INFO  o.e.m.c.i.l.LifecycleMappingFactory - Using org.maven.ide.eclipse.wtp.WarLifecycleMapping lifecycle mapping for MavenProject: org.springframework.samples.service.service:spring:0.0.1-SNAPSHOT @ C:\SPRING_SIMPLE\HLMS\pom.xml.
2023-01-07 19:20:18,662 [Worker-28: Updating Maven Dependencies] INFO  o.e.m.c.i.l.LifecycleMappingFactory - Using org.maven.ide.eclipse.wtp.WarLifecycleMapping lifecycle mapping for MavenProject: org.springframework.samples.service.service:spring:0.0.1-SNAPSHOT @ C:\SPRING_SIMPLE\ESHOP\pom.xml.
2023-01-07 19:20:18,671 [Worker-27: Building] INFO  o.e.m.c.i.embedder.EclipseLogger - Using 'UTF-8' encoding to copy filtered resources.
2023-01-07 19:20:18,673 [Worker-27: Building] INFO  o.e.m.c.i.embedder.EclipseLogger - skip non existing resourceDirectory C:\SPRING_SIMPLE\ESHOP\src\main\resources
2023-01-07 19:20:18,674 [Worker-27: Building] INFO  o.e.m.c.i.embedder.EclipseLogger - Using 'UTF-8' encoding to copy filtered resources.
2023-01-07 19:20:18,674 [Worker-27: Building] INFO  o.e.m.c.i.embedder.EclipseLogger - skip non existing resourceDirectory C:\SPRING_SIMPLE\ESHOP\src\test\resources
2023-01-07 19:20:18,793 [Worker-28: Updating Maven Dependencies] INFO  o.e.m.c.i.l.LifecycleMappingFactory - Using org.maven.ide.eclipse.wtp.WarLifecycleMapping lifecycle mapping for MavenProject: org.springframework.samples.service.service:spring:0.0.1-SNAPSHOT @ C:\SPRING_SIMPLE\BOARDMS\pom.xml.
2023-01-07 19:20:19,019 [Worker-28: Updating Maven Dependencies] INFO  o.e.m.c.i.l.LifecycleMappingFactory - Using org.maven.ide.eclipse.wtp.WarLifecycleMapping lifecycle mapping for MavenProject: org.springframework.samples.service.service:spring:0.0.1-SNAPSHOT @ C:\SPRING_SIMPLE\BOARDMS_renewal_pgn\pom.xml.
2023-01-07 19:20:27,440 [Worker-25: Building] INFO  o.e.m.c.i.embedder.EclipseLogger - Using 'UTF-8' encoding to copy filtered resources.
2023-01-07 19:20:27,440 [Worker-25: Building] INFO  o.e.m.c.i.embedder.EclipseLogger - skip non existing resourceDirectory C:\SPRING_SIMPLE\BOARDMS\src\main\resources
2023-01-07 19:20:27,441 [Worker-25: Building] INFO  o.e.m.c.i.embedder.EclipseLogger - Using 'UTF-8' encoding to copy filtered resources.
2023-01-07 19:20:27,442 [Worker-25: Building] INFO  o.e.m.c.i.embedder.EclipseLogger - skip non existing resourceDirectory C:\SPRING_SIMPLE\BOARDMS\src\test\resources
2023-01-07 19:20:27,507 [Worker-25: Building] INFO  o.e.m.c.i.embedder.EclipseLogger - Using 'UTF-8' encoding to copy filtered resources.
2023-01-07 19:20:27,508 [Worker-25: Building] INFO  o.e.m.c.i.embedder.EclipseLogger - skip non existing resourceDirectory C:\SPRING_SIMPLE\BOARDMS_renewal_pgn\src\main\resources
2023-01-07 19:20:27,508 [Worker-25: Building] INFO  o.e.m.c.i.embedder.EclipseLogger - Using 'UTF-8' encoding to copy filtered resources.
2023-01-07 19:20:27,509 [Worker-25: Building] INFO  o.e.m.c.i.embedder.EclipseLogger - skip non existing resourceDirectory C:\SPRING_SIMPLE\BOARDMS_renewal_pgn\src\test\resources
2023-01-07 19:20:27,581 [Worker-25: Building] INFO  o.e.m.c.i.embedder.EclipseLogger - Using 'UTF-8' encoding to copy filtered resources.
2023-01-07 19:20:27,582 [Worker-25: Building] INFO  o.e.m.c.i.embedder.EclipseLogger - skip non existing resourceDirectory C:\SPRING_SIMPLE\ESHOP\src\main\resources
2023-01-07 19:20:27,582 [Worker-25: Building] INFO  o.e.m.c.i.embedder.EclipseLogger - Using 'UTF-8' encoding to copy filtered resources.
2023-01-07 19:20:27,583 [Worker-25: Building] INFO  o.e.m.c.i.embedder.EclipseLogger - skip non existing resourceDirectory C:\SPRING_SIMPLE\ESHOP\src\test\resources
2023-01-07 19:20:28,422 [Worker-25: Building] INFO  o.e.m.c.i.embedder.EclipseLogger - Using 'UTF-8' encoding to copy filtered resources.
2023-01-07 19:20:28,422 [Worker-25: Building] INFO  o.e.m.c.i.embedder.EclipseLogger - skip non existing resourceDirectory C:\SPRING_SIMPLE\HLMS\src\main\resources
2023-01-07 19:20:28,423 [Worker-25: Building] INFO  o.e.m.c.i.embedder.EclipseLogger - Using 'UTF-8' encoding to copy filtered resources.
2023-01-07 19:20:28,425 [Worker-25: Building] INFO  o.e.m.c.i.embedder.EclipseLogger - skip non existing resourceDirectory C:\SPRING_SIMPLE\HLMS\src\test\resources
2023-01-07 19:21:11,910 [Worker-30: Building] INFO  o.e.m.c.i.embedder.EclipseLogger - Using 'UTF-8' encoding to copy filtered resources.
2023-01-07 19:21:11,911 [Worker-30: Building] INFO  o.e.m.c.i.embedder.EclipseLogger - skip non existing resourceDirectory C:\SPRING_SIMPLE\ESHOP\src\main\resources
2023-01-07 19:21:11,912 [Worker-30: Building] INFO  o.e.m.c.i.embedder.EclipseLogger - Using 'UTF-8' encoding to copy filtered resources.
2023-01-07 19:21:11,912 [Worker-30: Building] INFO  o.e.m.c.i.embedder.EclipseLogger - skip non existing resourceDirectory C:\SPRING_SIMPLE\ESHOP\src\test\resources
2023-01-07 19:21:42,131 [Worker-28: Building] INFO  o.e.m.c.i.embedder.EclipseLogger - Using 'UTF-8' encoding to copy filtered resources.
2023-01-07 19:21:42,131 [Worker-28: Building] INFO  o.e.m.c.i.embedder.EclipseLogger - skip non existing resourceDirectory C:\SPRING_SIMPLE\HLMS\src\main\resources
2023-01-07 19:21:42,132 [Worker-28: Building] INFO  o.e.m.c.i.embedder.EclipseLogger - Using 'UTF-8' encoding to copy filtered resources.
2023-01-07 19:21:42,132 [Worker-28: Building] INFO  o.e.m.c.i.embedder.EclipseLogger - skip non existing resourceDirectory C:\SPRING_SIMPLE\HLMS\src\test\resources
2023-01-07 19:28:09,743 [Worker-28: Building] INFO  o.e.m.c.i.embedder.EclipseLogger - Using 'UTF-8' encoding to copy filtered resources.
2023-01-07 19:28:09,743 [Worker-28: Building] INFO  o.e.m.c.i.embedder.EclipseLogger - skip non existing resourceDirectory C:\SPRING_SIMPLE\ESHOP\src\main\resources
2023-01-07 19:28:09,745 [Worker-28: Building] INFO  o.e.m.c.i.embedder.EclipseLogger - Using 'UTF-8' encoding to copy filtered resources.
2023-01-07 19:28:09,745 [Worker-28: Building] INFO  o.e.m.c.i.embedder.EclipseLogger - skip non existing resourceDirectory C:\SPRING_SIMPLE\ESHOP\src\test\resources
2023-01-07 19:28:59,229 [Worker-32: Building] INFO  o.e.m.c.i.embedder.EclipseLogger - Using 'UTF-8' encoding to copy filtered resources.
2023-01-07 19:28:59,229 [Worker-32: Building] INFO  o.e.m.c.i.embedder.EclipseLogger - skip non existing resourceDirectory C:\SPRING_SIMPLE\ESHOP\src\main\resources
2023-01-07 19:28:59,230 [Worker-32: Building] INFO  o.e.m.c.i.embedder.EclipseLogger - Using 'UTF-8' encoding to copy filtered resources.
2023-01-07 19:28:59,230 [Worker-32: Building] INFO  o.e.m.c.i.embedder.EclipseLogger - skip non existing resourceDirectory C:\SPRING_SIMPLE\ESHOP\src\test\resources
2023-01-07 19:37:03,396 [Worker-37: Building] INFO  o.e.m.c.i.embedder.EclipseLogger - Using 'UTF-8' encoding to copy filtered resources.
2023-01-07 19:37:03,396 [Worker-37: Building] INFO  o.e.m.c.i.embedder.EclipseLogger - skip non existing resourceDirectory C:\SPRING_SIMPLE\ESHOP\src\main\resources
2023-01-07 19:37:03,398 [Worker-37: Building] INFO  o.e.m.c.i.embedder.EclipseLogger - Using 'UTF-8' encoding to copy filtered resources.
2023-01-07 19:37:03,398 [Worker-37: Building] INFO  o.e.m.c.i.embedder.EclipseLogger - skip non existing resourceDirectory C:\SPRING_SIMPLE\ESHOP\src\test\resources
2023-01-07 19:37:15,372 [Worker-40: Building] INFO  o.e.m.c.i.embedder.EclipseLogger - Using 'UTF-8' encoding to copy filtered resources.
2023-01-07 19:37:15,373 [Worker-40: Building] INFO  o.e.m.c.i.embedder.EclipseLogger - skip non existing resourceDirectory C:\SPRING_SIMPLE\ESHOP\src\main\resources
2023-01-07 19:37:15,373 [Worker-40: Building] INFO  o.e.m.c.i.embedder.EclipseLogger - Using 'UTF-8' encoding to copy filtered resources.
2023-01-07 19:37:15,373 [Worker-40: Building] INFO  o.e.m.c.i.embedder.EclipseLogger - skip non existing resourceDirectory C:\SPRING_SIMPLE\ESHOP\src\test\resources
2023-01-07 19:38:00,974 [Worker-44: Building] INFO  o.e.m.c.i.embedder.EclipseLogger - Using 'UTF-8' encoding to copy filtered resources.
2023-01-07 19:38:00,974 [Worker-44: Building] INFO  o.e.m.c.i.embedder.EclipseLogger - skip non existing resourceDirectory C:\SPRING_SIMPLE\ESHOP\src\main\resources
2023-01-07 19:38:00,975 [Worker-44: Building] INFO  o.e.m.c.i.embedder.EclipseLogger - Using 'UTF-8' encoding to copy filtered resources.
2023-01-07 19:38:00,976 [Worker-44: Building] INFO  o.e.m.c.i.embedder.EclipseLogger - skip non existing resourceDirectory C:\SPRING_SIMPLE\ESHOP\src\test\resources
2023-01-08 03:12:57,478 [Worker-3: Loading available Gradle versions] INFO  o.e.b.c.i.u.g.PublishedGradleVersions - Gradle version information cache is up-to-date. Trying to read.
2023-01-08 03:13:10,729 [Worker-11: Building] INFO  o.e.m.c.i.embedder.EclipseLogger - Using 'UTF-8' encoding to copy filtered resources.
2023-01-08 03:13:10,729 [Worker-11: Building] INFO  o.e.m.c.i.embedder.EclipseLogger - skip non existing resourceDirectory C:\SPRING_SAMPLE\BOARDMS\src\main\resources
2023-01-08 03:13:10,729 [Worker-11: Building] INFO  o.e.m.c.i.embedder.EclipseLogger - Using 'UTF-8' encoding to copy filtered resources.
2023-01-08 03:13:10,729 [Worker-11: Building] INFO  o.e.m.c.i.embedder.EclipseLogger - skip non existing resourceDirectory C:\SPRING_SAMPLE\BOARDMS\src\test\resources
2023-01-08 03:13:12,331 [Worker-17: Building] INFO  o.e.m.c.i.embedder.EclipseLogger - Using 'UTF-8' encoding to copy filtered resources.
2023-01-08 03:13:12,331 [Worker-17: Building] INFO  o.e.m.c.i.embedder.EclipseLogger - skip non existing resourceDirectory C:\SPRING_SAMPLE\BOARDMS_renewal_pgn\src\main\resources
2023-01-08 03:13:12,331 [Worker-17: Building] INFO  o.e.m.c.i.embedder.EclipseLogger - Using 'UTF-8' encoding to copy filtered resources.
2023-01-08 03:13:12,331 [Worker-17: Building] INFO  o.e.m.c.i.embedder.EclipseLogger - skip non existing resourceDirectory C:\SPRING_SAMPLE\BOARDMS_renewal_pgn\src\test\resources
2023-01-08 03:13:12,926 [Worker-17: Building] INFO  o.e.m.c.i.embedder.EclipseLogger - Using 'UTF-8' encoding to copy filtered resources.
2023-01-08 03:13:12,926 [Worker-17: Building] INFO  o.e.m.c.i.embedder.EclipseLogger - skip non existing resourceDirectory C:\SPRING_SAMPLE\ESHOP\src\main\resources
2023-01-08 03:13:12,942 [Worker-17: Building] INFO  o.e.m.c.i.embedder.EclipseLogger - Using 'UTF-8' encoding to copy filtered resources.
2023-01-08 03:13:12,942 [Worker-17: Building] INFO  o.e.m.c.i.embedder.EclipseLogger - skip non existing resourceDirectory C:\SPRING_SAMPLE\ESHOP\src\test\resources
2023-01-08 03:13:13,903 [Worker-11: Building] INFO  o.e.m.c.i.embedder.EclipseLogger - Using 'UTF-8' encoding to copy filtered resources.
2023-01-08 03:13:13,903 [Worker-11: Building] INFO  o.e.m.c.i.embedder.EclipseLogger - skip non existing resourceDirectory C:\SPRING_SAMPLE\HLMS\src\main\resources
2023-01-08 03:13:13,903 [Worker-11: Building] INFO  o.e.m.c.i.embedder.EclipseLogger - Using 'UTF-8' encoding to copy filtered resources.
2023-01-08 03:13:13,903 [Worker-11: Building] INFO  o.e.m.c.i.embedder.EclipseLogger - skip non existing resourceDirectory C:\SPRING_SAMPLE\HLMS\src\test\resources
2023-01-08 03:22:50,748 [Worker-35: Building] INFO  o.e.m.c.i.l.LifecycleMappingFactory - Using org.maven.ide.eclipse.wtp.WarLifecycleMapping lifecycle mapping for MavenProject: org.springframework.samples.service.service:spring:0.0.1-SNAPSHOT @ C:\SPRING_SAMPLE\ESHOP\pom.xml.
2023-01-08 03:22:51,380 [Worker-35: Building] INFO  o.e.m.c.i.embedder.EclipseLogger - Using 'UTF-8' encoding to copy filtered resources.
2023-01-08 03:22:51,380 [Worker-35: Building] INFO  o.e.m.c.i.embedder.EclipseLogger - skip non existing resourceDirectory C:\SPRING_SAMPLE\ESHOP\src\main\resources
2023-01-08 03:22:51,382 [Worker-35: Building] INFO  o.e.m.c.i.embedder.EclipseLogger - Using 'UTF-8' encoding to copy filtered resources.
2023-01-08 03:22:51,382 [Worker-35: Building] INFO  o.e.m.c.i.embedder.EclipseLogger - skip non existing resourceDirectory C:\SPRING_SAMPLE\ESHOP\src\test\resources
2023-01-08 03:22:51,880 [Worker-35: Building] INFO  o.e.m.c.i.embedder.EclipseLogger - Using 'UTF-8' encoding to copy filtered resources.
2023-01-08 03:22:51,880 [Worker-35: Building] INFO  o.e.m.c.i.embedder.EclipseLogger - skip non existing resourceDirectory C:\SPRING_SAMPLE\ESHOP\src\main\resources
2023-01-08 03:22:51,881 [Worker-35: Building] INFO  o.e.m.c.i.embedder.EclipseLogger - Using 'UTF-8' encoding to copy filtered resources.
2023-01-08 03:22:51,882 [Worker-35: Building] INFO  o.e.m.c.i.embedder.EclipseLogger - skip non existing resourceDirectory C:\SPRING_SAMPLE\ESHOP\src\test\resources
2023-01-08 03:22:52,974 [Worker-32: Building] INFO  o.e.m.c.i.embedder.EclipseLogger - Using 'UTF-8' encoding to copy filtered resources.
2023-01-08 03:22:52,974 [Worker-32: Building] INFO  o.e.m.c.i.embedder.EclipseLogger - skip non existing resourceDirectory C:\SPRING_SAMPLE\ESHOP\src\main\resources
2023-01-08 03:22:52,975 [Worker-32: Building] INFO  o.e.m.c.i.embedder.EclipseLogger - Using 'UTF-8' encoding to copy filtered resources.
2023-01-08 03:22:52,975 [Worker-32: Building] INFO  o.e.m.c.i.embedder.EclipseLogger - skip non existing resourceDirectory C:\SPRING_SAMPLE\ESHOP\src\test\resources
